<?xml version="1.0" encoding="UTF-8"?>
<!-- Generated by org.testng.reporters.JUnitReportReporter -->
<testsuite hostname="vasudha" name="com.atmecs.testscripts.Testmonuments" tests="1" failures="0" timestamp="15 Dec 2020 05:12:05 GMT" time="17.376" errors="0">
  <testcase name="monuments" time="17.376" classname="com.atmecs.testscripts.Testmonuments"/>
</testsuite> <!-- com.atmecs.testscripts.Testmonuments -->
