<?xml version="1.0" encoding="UTF-8"?>
<!-- Generated by org.testng.reporters.JUnitReportReporter -->
<testsuite hostname="vasudha" name="com.atmecs.testscripts.Testbookflights" tests="1" failures="0" timestamp="15 Dec 2020 05:56:06 GMT" time="62.255" errors="0">
  <testcase name="flightBooking" time="62.255" classname="com.atmecs.testscripts.Testbookflights"/>
</testsuite> <!-- com.atmecs.testscripts.Testbookflights -->
